#
# A fatal error has been detected by the Java Runtime Environment:
#
#  SIGSEGV (0xb) at pc=0x000000012654da08, pid=41959, tid=0x0000000000002803
#
# JRE version: Java(TM) SE Runtime Environment (8.0_162-b12) (build 1.8.0_162-b12)
# Java VM: Java HotSpot(TM) 64-Bit Server VM (25.162-b12 mixed mode bsd-amd64 compressed oops)
# Problematic frame:
# C  [libtesseract.dylib+0x13a08]  _ZN9tesseract9Tesseract15recog_all_wordsEP8PAGE_RESP10ETEXT_DESCPK4TBOXPKci+0xaa
#
# Failed to write core dump. Core dumps have been disabled. To enable core dumping, try "ulimit -c unlimited" before starting Java again
#
# If you would like to submit a bug report, please visit:
#   http://bugreport.java.com/bugreport/crash.jsp
# The crash happened outside the Java Virtual Machine in native code.
# See problematic frame for where to report the bug.
#

---------------  T H R E A D  ---------------

Current thread (0x00007fd64d005800):  JavaThread "main" [_thread_in_native, id=10243, stack(0x00007000047b1000,0x00007000048b1000)]

siginfo: si_signo: 11 (SIGSEGV), si_code: 1 (SEGV_MAPERR), si_addr: 0x000000000000000c

Registers:
RAX=0x0000000000000000, RBX=0x00007fd6496e9180, RCX=0x0000000000000000, RDX=0x0000000000000001
RSP=0x00007000048ae470, RBP=0x00007000048ae5e0, RSI=0x0000000000000000, RDI=0x00007000048ae538
R8 =0x0000000000000000, R9 =0x0000000000000000, R10=0x00000000fffffffe, R11=0x00007fd649600000
R12=0x0000000000000000, R13=0x0000000121eb7000, R14=0x0000000000000000, R15=0x0000000000000000
RIP=0x000000012654da08, EFLAGS=0x0000000000010246, ERR=0x0000000000000004
  TRAPNO=0x000000000000000e

Top of Stack: (sp=0x00007000048ae470)
0x00007000048ae470:   00007fd6496e92a0 00007fd6496e9180
0x00007000048ae480:   0000000000000000 0000000000000000
0x00007000048ae490:   0000000000000000 00007fd6496e92a0
0x00007000048ae4a0:   00007fd6496e7490 00007fd6496e7460
0x00007000048ae4b0:   00007fd6496e9530 00007fd6496e7490
0x00007000048ae4c0:   00007fd6496e7460 00007fd6496e9188
0x00007000048ae4d0:   00007fd6496e7460 00007fd6496e7460
0x00007000048ae4e0:   00007fd6496e7460 00007fd6496d0000
0x00007000048ae4f0:   00007fd6496e7460 000000006520e400
0x00007000048ae500:   00007fd6496e7488 00007fd6496e7490
0x00007000048ae510:   00007fd6496e7490 00007fd6496e7490
0x00007000048ae520:   00007fd6496e0000 00007fd6496e7490
0x00007000048ae530:   00007000048ae500 00007fd6496e74b0
0x00007000048ae540:   00007fd6496e9530 00007fd6496e9760
0x00007000048ae550:   00007fd6496e9a30 00007fd6496e0000
0x00007000048ae560:   00007fd6496e92a0 000000012653c701
0x00007000048ae570:   00007fd649681a60 00000001266eae63
0x00007000048ae580:   0000000121eb7150 00007fd64b0a47c0
0x00007000048ae590:   00007fd64b0a47c0 0000000121eb7000
0x00007000048ae5a0:   0000000000000000 0000000000000000
0x00007000048ae5b0:   00007fd6496e9180 00007000048ae601
0x00007000048ae5c0:   00007fd64b0a47c0 0000000121eb7000
0x00007000048ae5d0:   00000000ffffffff 0000000000000000
0x00007000048ae5e0:   00007000048ae650 000000012653e3ee
0x00007000048ae5f0:   000000076e410d88 000000076ab16358
0x00007000048ae600:   00007000048ae600 000000011e1a05bb
0x00007000048ae610:   00007000048ae670 000000011e1a0908
0x00007000048ae620:   0100000000000000 00007fd64b0a47c0
0x00007000048ae630:   0000000000000000 0000000121fd6464
0x00007000048ae640:   0000000000000000 98a1d87471f60027
0x00007000048ae650:   00007000048ae680 000000012653d29d
0x00007000048ae660:   0000000000000000 00007000048ae5e0 

Instructions: (pc=0x000000012654da08)
0x000000012654d9e8:   e8 2d a5 12 00 41 83 bd 90 15 00 00 00 7e 0a 4c
0x000000012654d9f8:   89 ef e8 c5 d6 0b 00 eb 15 49 8b 85 38 0a 00 00
0x000000012654da08:   80 78 0c 00 74 08 4c 89 ef e8 22 d7 0b 00 41 83
0x000000012654da18:   bd e8 47 02 00 00 7e 3f 31 db 49 8b 85 f0 47 02 

Register to memory mapping:

RAX=0x0000000000000000 is an unknown value
RBX=0x00007fd6496e9180 is an unknown value
RCX=0x0000000000000000 is an unknown value
RDX=0x0000000000000001 is an unknown value
RSP=0x00007000048ae470 is pointing into the stack for thread: 0x00007fd64d005800
RBP=0x00007000048ae5e0 is pointing into the stack for thread: 0x00007fd64d005800
RSI=0x0000000000000000 is an unknown value
RDI=0x00007000048ae538 is pointing into the stack for thread: 0x00007fd64d005800
R8 =0x0000000000000000 is an unknown value
R9 =0x0000000000000000 is an unknown value
R10=0x00000000fffffffe is an unknown value
R11=0x00007fd649600000 is an unknown value
R12=0x0000000000000000 is an unknown value
R13=0x0000000121eb7000 is an unknown value
R14=0x0000000000000000 is an unknown value
R15=0x0000000000000000 is an unknown value


Stack: [0x00007000047b1000,0x00007000048b1000],  sp=0x00007000048ae470,  free space=1013k
Native frames: (J=compiled Java code, j=interpreted, Vv=VM code, C=native code)
C  [libtesseract.dylib+0x13a08]  _ZN9tesseract9Tesseract15recog_all_wordsEP8PAGE_RESP10ETEXT_DESCPK4TBOXPKci+0xaa
C  [libtesseract.dylib+0x43ee]  _ZN9tesseract11TessBaseAPI9RecognizeEP10ETEXT_DESC+0x36c
C  [libtesseract.dylib+0x329d]  _ZN9tesseract11TessBaseAPI11GetUTF8TextEv+0x2b
C  [jna2909875778425401115.tmp+0xde74]  ffi_call_unix64+0x4c
C  0x00007000048af098

Java frames: (J=compiled Java code, j=interpreted, Vv=VM code)
j  com.sun.jna.Native.invokePointer(Lcom/sun/jna/Function;JI[Ljava/lang/Object;)J+0
j  com.sun.jna.Function.invokePointer(I[Ljava/lang/Object;)Lcom/sun/jna/Pointer;+7
j  com.sun.jna.Function.invoke([Ljava/lang/Object;Ljava/lang/Class;ZI)Ljava/lang/Object;+385
j  com.sun.jna.Function.invoke(Ljava/lang/reflect/Method;[Ljava/lang/Class;Ljava/lang/Class;[Ljava/lang/Object;Ljava/util/Map;)Ljava/lang/Object;+271
j  com.sun.jna.Library$Handler.invoke(Ljava/lang/Object;Ljava/lang/reflect/Method;[Ljava/lang/Object;)Ljava/lang/Object;+344
j  com.sun.proxy.$Proxy16.TessBaseAPIGetUTF8Text(Lnet/sourceforge/tess4j/ITessAPI$TessBaseAPI;)Lcom/sun/jna/Pointer;+16
j  net.sourceforge.tess4j.Tesseract.getOCRText(Ljava/lang/String;I)Ljava/lang/String;+62
j  net.sourceforge.tess4j.Tesseract.doOCR(Ljava/util/List;Ljava/lang/String;Ljava/awt/Rectangle;)Ljava/lang/String;+69
j  net.sourceforge.tess4j.Tesseract.doOCR(Ljava/util/List;Ljava/awt/Rectangle;)Ljava/lang/String;+4
j  net.sourceforge.tess4j.Tesseract.doOCR(Ljava/awt/image/BufferedImage;Ljava/awt/Rectangle;)Ljava/lang/String;+6
j  net.sourceforge.tess4j.Tesseract.doOCR(Ljava/awt/image/BufferedImage;)Ljava/lang/String;+3
j  com.util.ai.screenbot.output.tests.parsing.VBSingleBetElementParserTest.ocrTest()V+93
v  ~StubRoutines::call_stub
j  sun.reflect.NativeMethodAccessorImpl.invoke0(Ljava/lang/reflect/Method;Ljava/lang/Object;[Ljava/lang/Object;)Ljava/lang/Object;+0
j  sun.reflect.NativeMethodAccessorImpl.invoke(Ljava/lang/Object;[Ljava/lang/Object;)Ljava/lang/Object;+100
j  sun.reflect.DelegatingMethodAccessorImpl.invoke(Ljava/lang/Object;[Ljava/lang/Object;)Ljava/lang/Object;+6
j  java.lang.reflect.Method.invoke(Ljava/lang/Object;[Ljava/lang/Object;)Ljava/lang/Object;+56
j  org.junit.runners.model.FrameworkMethod$1.runReflectiveCall()Ljava/lang/Object;+15
j  org.junit.internal.runners.model.ReflectiveCallable.run()Ljava/lang/Object;+1
j  org.junit.runners.model.FrameworkMethod.invokeExplosively(Ljava/lang/Object;[Ljava/lang/Object;)Ljava/lang/Object;+10
j  org.junit.internal.runners.statements.InvokeMethod.evaluate()V+12
j  org.junit.internal.runners.statements.RunBefores.evaluate()V+41
j  org.junit.rules.TestWatcher$1.evaluate()V+24
j  org.junit.runners.BlockJUnit4ClassRunner$1.evaluate()V+11
j  org.junit.runners.ParentRunner.runLeaf(Lorg/junit/runners/model/Statement;Lorg/junit/runner/Description;Lorg/junit/runner/notification/RunNotifier;)V+17
j  org.junit.runners.BlockJUnit4ClassRunner.runChild(Lorg/junit/runners/model/FrameworkMethod;Lorg/junit/runner/notification/RunNotifier;)V+38
j  org.junit.runners.BlockJUnit4ClassRunner.runChild(Ljava/lang/Object;Lorg/junit/runner/notification/RunNotifier;)V+6
j  org.junit.runners.ParentRunner$3.run()V+12
j  org.junit.runners.ParentRunner$1.schedule(Ljava/lang/Runnable;)V+1
j  org.junit.runners.ParentRunner.runChildren(Lorg/junit/runner/notification/RunNotifier;)V+44
j  org.junit.runners.ParentRunner.access$100(Lorg/junit/runners/ParentRunner;Lorg/junit/runner/notification/RunNotifier;)V+2
j  org.junit.runners.ParentRunner$2.evaluate()V+8
j  org.junit.runners.ParentRunner.run(Lorg/junit/runner/notification/RunNotifier;)V+24
j  org.eclipse.jdt.internal.junit4.runner.JUnit4TestReference.run(Lorg/eclipse/jdt/internal/junit/runner/TestExecution;)V+72
j  org.eclipse.jdt.internal.junit.runner.TestExecution.run([Lorg/eclipse/jdt/internal/junit/runner/ITestReference;)V+17
j  org.eclipse.jdt.internal.junit.runner.RemoteTestRunner.runTests([Ljava/lang/String;Ljava/lang/String;Lorg/eclipse/jdt/internal/junit/runner/TestExecution;)V+62
j  org.eclipse.jdt.internal.junit.runner.RemoteTestRunner.runTests(Lorg/eclipse/jdt/internal/junit/runner/TestExecution;)V+10
j  org.eclipse.jdt.internal.junit.runner.RemoteTestRunner.run()V+70
j  org.eclipse.jdt.internal.junit.runner.RemoteTestRunner.main([Ljava/lang/String;)V+14
v  ~StubRoutines::call_stub

---------------  P R O C E S S  ---------------

Java Threads: ( => current thread )
  0x00007fd64d091000 JavaThread "Java2D Queue Flusher" daemon [_thread_blocked, id=80135, stack(0x0000700006082000,0x0000700006182000)]
  0x00007fd64d9e7000 JavaThread "Java2D Disposer" daemon [_thread_blocked, id=48139, stack(0x0000700005f7f000,0x000070000607f000)]
  0x00007fd64a1a3800 JavaThread "AWT-Shutdown" [_thread_blocked, id=27435, stack(0x0000700005bed000,0x0000700005ced000)]
  0x00007fd64bae3000 JavaThread "AWT-AppKit" daemon [_thread_in_native, id=775, stack(0x00007ffeec38b000,0x00007ffeecb8b000)]
  0x00007fd64b855800 JavaThread "ReaderThread" [_thread_in_native, id=22019, stack(0x0000700005aea000,0x0000700005bea000)]
  0x00007fd64d80f800 JavaThread "Service Thread" daemon [_thread_blocked, id=16899, stack(0x00007000058e4000,0x00007000059e4000)]
  0x00007fd64d807000 JavaThread "C1 CompilerThread3" daemon [_thread_blocked, id=17411, stack(0x00007000057e1000,0x00007000058e1000)]
  0x00007fd64d806000 JavaThread "C2 CompilerThread2" daemon [_thread_blocked, id=16131, stack(0x00007000056de000,0x00007000057de000)]
  0x00007fd64d805800 JavaThread "C2 CompilerThread1" daemon [_thread_in_native, id=15619, stack(0x00007000055db000,0x00007000056db000)]
  0x00007fd64d800800 JavaThread "C2 CompilerThread0" daemon [_thread_blocked, id=15363, stack(0x00007000054d8000,0x00007000055d8000)]
  0x00007fd64a812000 JavaThread "Signal Dispatcher" daemon [_thread_blocked, id=14859, stack(0x00007000053d5000,0x00007000054d5000)]
  0x00007fd64a035800 JavaThread "Finalizer" daemon [_thread_blocked, id=12803, stack(0x00007000052d2000,0x00007000053d2000)]
  0x00007fd64a033000 JavaThread "Reference Handler" daemon [_thread_blocked, id=19459, stack(0x00007000051cf000,0x00007000052cf000)]
=>0x00007fd64d005800 JavaThread "main" [_thread_in_native, id=10243, stack(0x00007000047b1000,0x00007000048b1000)]

Other Threads:
  0x00007fd64a02e000 VMThread [stack: 0x00007000050cc000,0x00007000051cc000] [id=19715]
  0x00007fd64c04c800 WatcherThread [stack: 0x00007000059e7000,0x0000700005ae7000] [id=16387]

VM state:not at safepoint (normal execution)

VM Mutex/Monitor currently owned by a thread: None

Heap:
 PSYoungGen      total 76288K, used 62657K [0x000000076ab00000, 0x0000000770000000, 0x00000007c0000000)
  eden space 65536K, 95% used [0x000000076ab00000,0x000000076e830568,0x000000076eb00000)
  from space 10752K, 0% used [0x000000076f580000,0x000000076f580000,0x0000000770000000)
  to   space 10752K, 0% used [0x000000076eb00000,0x000000076eb00000,0x000000076f580000)
 ParOldGen       total 175104K, used 0K [0x00000006c0000000, 0x00000006cab00000, 0x000000076ab00000)
  object space 175104K, 0% used [0x00000006c0000000,0x00000006c0000000,0x00000006cab00000)
 Metaspace       used 13137K, capacity 13354K, committed 13568K, reserved 1060864K
  class space    used 1613K, capacity 1699K, committed 1792K, reserved 1048576K

Card table byte_map: [0x000000010556e000,0x0000000105d6f000] byte_map_base: 0x0000000101f6e000

Marking Bits: (ParMarkBitMap*) 0x0000000104af76c0
 Begin Bits: [0x00000001062c5000, 0x000000010a2c5000)
 End Bits:   [0x000000010a2c5000, 0x000000010e2c5000)

Polling page: 0x00000001030fa000

CodeCache: size=245760Kb used=3830Kb max_used=3843Kb free=241929Kb
 bounds [0x000000010e87b000, 0x000000010ec4b000, 0x000000011d87b000]
 total_blobs=1460 nmethods=1000 adapters=374
 compilation: enabled

Compilation events (10 events):
Event: 1.242 Thread 0x00007fd64d806000  992       4       sun.misc.ProxyGenerator$ConstantPool::getIndirect (67 bytes)
Event: 1.242 Thread 0x00007fd64d807000 nmethod 999 0x000000010ec32c50 code [0x000000010ec32de0, 0x000000010ec33148]
Event: 1.255 Thread 0x00007fd64d806000 nmethod 992 0x000000010ec37bd0 code [0x000000010ec37dc0, 0x000000010ec38718]
Event: 1.255 Thread 0x00007fd64d806000  995       4       sun.misc.ProxyGenerator$ConstantPool$IndirectEntry::equals (49 bytes)
Event: 1.256 Thread 0x00007fd64d806000 nmethod 995 0x000000010ec2fed0 code [0x000000010ec30020, 0x000000010ec300f8]
Event: 1.266 Thread 0x00007fd64d800800 nmethod 986 0x000000010ec3c850 code [0x000000010ec3ca80, 0x000000010ec3ea30]
Event: 1.291 Thread 0x00007fd64d807000 1000       3       sun.awt.image.IntegerInterleavedRaster::getDataElements (154 bytes)
Event: 1.291 Thread 0x00007fd64d807000 nmethod 1000 0x000000010ec33e10 code [0x000000010ec33fc0, 0x000000010ec347d8]
Event: 1.291 Thread 0x00007fd64d807000 1001       3       sun.awt.image.IntegerInterleavedRaster::setDataElements (137 bytes)
Event: 1.291 Thread 0x00007fd64d807000 nmethod 1001 0x000000010ec30c90 code [0x000000010ec30e60, 0x000000010ec31658]

GC Heap History (0 events):
No events

Deoptimization events (10 events):
Event: 0.287 Thread 0x00007fd64d005800 Uncommon trap: reason=unstable_if action=reinterpret pc=0x000000010ea3a39c method=sun.misc.MetaIndex.mayContain(Ljava/lang/String;)Z @ 13
Event: 0.294 Thread 0x00007fd64d005800 Uncommon trap: reason=unstable_if action=reinterpret pc=0x000000010ea39974 method=java.lang.String.replace(CC)Ljava/lang/String; @ 26
Event: 0.331 Thread 0x00007fd64d005800 Uncommon trap: reason=unstable_if action=reinterpret pc=0x000000010ea771ec method=java.util.zip.ZipCoder.encoder()Ljava/nio/charset/CharsetEncoder; @ 4
Event: 0.347 Thread 0x00007fd64d005800 Uncommon trap: reason=unstable_if action=reinterpret pc=0x000000010ea38e94 method=java.lang.String.lastIndexOf([CII[CIII)I @ 66
Event: 0.349 Thread 0x00007fd64d005800 Uncommon trap: reason=unstable_if action=reinterpret pc=0x000000010ea47dcc method=java.lang.AbstractStringBuilder.append(Ljava/lang/String;)Ljava/lang/AbstractStringBuilder; @ 1
Event: 0.361 Thread 0x00007fd64d005800 Uncommon trap: reason=unstable_if action=reinterpret pc=0x000000010ea74594 method=java.lang.String.indexOf([CII[CIII)I @ 3
Event: 0.596 Thread 0x00007fd64d005800 Uncommon trap: reason=range_check action=make_not_entrant pc=0x000000010eaeb388 method=sun.reflect.generics.parser.SignatureParser.current()C @ 34
Event: 0.704 Thread 0x00007fd64d005800 Uncommon trap: reason=unstable_if action=reinterpret pc=0x000000010eb16a4c method=sun.misc.MetaIndex.mayContain(Ljava/lang/String;)Z @ 38
Event: 0.955 Thread 0x00007fd64d005800 Uncommon trap: reason=unstable_if action=reinterpret pc=0x000000010eaa2574 method=sun.misc.MetaIndex.mayContain(Ljava/lang/String;)Z @ 38
Event: 1.209 Thread 0x00007fd64d005800 Uncommon trap: reason=unstable_if action=reinterpret pc=0x000000010eabb49c method=java.lang.String.lastIndexOf([CII[CIII)I @ 118

Classes redefined (0 events):
No events

Internal exceptions (10 events):
Event: 0.287 Thread 0x00007fd64d005800 Exception <a 'java/security/PrivilegedActionException'> (0x000000076b4b6e28) thrown at [/Users/java_re/workspace/8-2-build-macosx-x86_64/jdk8u162/10278/hotspot/src/share/vm/prims/jvm.cpp, line 1390]
Event: 0.287 Thread 0x00007fd64d005800 Exception <a 'java/security/PrivilegedActionException'> (0x000000076b4b7220) thrown at [/Users/java_re/workspace/8-2-build-macosx-x86_64/jdk8u162/10278/hotspot/src/share/vm/prims/jvm.cpp, line 1390]
Event: 0.349 Thread 0x00007fd64d005800 Implicit null exception at 0x000000010ea479f6 to 0x000000010ea47db5
Event: 0.596 Thread 0x00007fd64d005800 Exception <a 'java/lang/ArrayIndexOutOfBoundsException': 277> (0x000000076ccdbfd0) thrown at [/Users/java_re/workspace/8-2-build-macosx-x86_64/jdk8u162/10278/hotspot/src/share/vm/interpreter/interpreterRuntime.cpp, line 366]
Event: 0.598 Thread 0x00007fd64d005800 Exception <a 'java/lang/ArrayIndexOutOfBoundsException': 18> (0x000000076cce5f18) thrown at [/Users/java_re/workspace/8-2-build-macosx-x86_64/jdk8u162/10278/hotspot/src/share/vm/interpreter/interpreterRuntime.cpp, line 366]
Event: 0.598 Thread 0x00007fd64d005800 Exception <a 'java/lang/ArrayIndexOutOfBoundsException': 78> (0x000000076cce6f10) thrown at [/Users/java_re/workspace/8-2-build-macosx-x86_64/jdk8u162/10278/hotspot/src/share/vm/interpreter/interpreterRuntime.cpp, line 366]
Event: 0.742 Thread 0x00007fd64d005800 Exception <a 'java/lang/NoSuchFieldError': method resolution failed> (0x000000076d7adf60) thrown at [/Users/java_re/workspace/8-2-build-macosx-x86_64/jdk8u162/10278/hotspot/src/share/vm/prims/methodHandles.cpp, line 1167]
Event: 0.744 Thread 0x00007fd64d005800 Exception <a 'java/lang/NoSuchFieldError': method resolution failed> (0x000000076d7bb9f0) thrown at [/Users/java_re/workspace/8-2-build-macosx-x86_64/jdk8u162/10278/hotspot/src/share/vm/prims/methodHandles.cpp, line 1167]
Event: 0.943 Thread 0x00007fd64d005800 Exception <a 'java/io/FileNotFoundException'> (0x000000076d834ba8) thrown at [/Users/java_re/workspace/8-2-build-macosx-x86_64/jdk8u162/10278/hotspot/src/share/vm/prims/jni.cpp, line 709]
Event: 0.943 Thread 0x00007fd64d005800 Exception <a 'java/io/FileNotFoundException'> (0x000000076d835900) thrown at [/Users/java_re/workspace/8-2-build-macosx-x86_64/jdk8u162/10278/hotspot/src/share/vm/prims/jni.cpp, line 709]

Events (10 events):
Event: 1.250 loading class com/sun/jna/NativeString$StringMemory
Event: 1.250 loading class com/sun/jna/NativeString$StringMemory done
Event: 1.288 loading class com/sun/jna/Function$PointerArray
Event: 1.288 loading class com/sun/jna/Function$PointerArray done
Event: 1.289 loading class java/util/Collections$EmptyEnumeration
Event: 1.289 loading class java/util/Collections$EmptyEnumeration done
Event: 1.292 loading class java/nio/DirectByteBuffer$Deallocator
Event: 1.292 loading class java/nio/DirectByteBuffer$Deallocator done
Event: 1.292 loading class com/sun/jna/Native$Buffers
Event: 1.292 loading class com/sun/jna/Native$Buffers done


Dynamic libraries:
0x0000000015686000 	/System/Library/Frameworks/Cocoa.framework/Versions/A/Cocoa
0x0000000015686000 	/System/Library/Frameworks/Security.framework/Versions/A/Security
0x0000000015686000 	/System/Library/Frameworks/ApplicationServices.framework/Versions/A/ApplicationServices
0x0000000015686000 	/usr/lib/libz.1.dylib
0x0000000015686000 	/usr/lib/libSystem.B.dylib
0x0000000015686000 	/usr/lib/libobjc.A.dylib
0x0000000015686000 	/System/Library/Frameworks/CoreFoundation.framework/Versions/A/CoreFoundation
0x0000000015686000 	/System/Library/Frameworks/Foundation.framework/Versions/C/Foundation
0x0000000015686000 	/System/Library/Frameworks/AppKit.framework/Versions/C/AppKit
0x0000000015686000 	/System/Library/Frameworks/CoreData.framework/Versions/A/CoreData
0x0000000015686000 	/System/Library/PrivateFrameworks/RemoteViewServices.framework/Versions/A/RemoteViewServices
0x0000000015686000 	/System/Library/PrivateFrameworks/UIFoundation.framework/Versions/A/UIFoundation
0x0000000015686000 	/System/Library/PrivateFrameworks/DFRFoundation.framework/Versions/A/DFRFoundation
0x0000000015686000 	/System/Library/Frameworks/Metal.framework/Versions/A/Metal
0x0000000015686000 	/System/Library/PrivateFrameworks/DesktopServicesPriv.framework/Versions/A/DesktopServicesPriv
0x0000000015686000 	/usr/lib/libenergytrace.dylib
0x0000000015686000 	/System/Library/PrivateFrameworks/SkyLight.framework/Versions/A/SkyLight
0x0000000015686000 	/System/Library/Frameworks/CoreGraphics.framework/Versions/A/CoreGraphics
0x0000000015686000 	/usr/lib/libScreenReader.dylib
0x0000000015686000 	/System/Library/Frameworks/Accelerate.framework/Versions/A/Accelerate
0x0000000015686000 	/System/Library/Frameworks/IOSurface.framework/Versions/A/IOSurface
0x0000000015686000 	/System/Library/Frameworks/AudioToolbox.framework/Versions/A/AudioToolbox
0x0000000015686000 	/System/Library/Frameworks/AudioUnit.framework/Versions/A/AudioUnit
0x0000000015686000 	/System/Library/PrivateFrameworks/DataDetectorsCore.framework/Versions/A/DataDetectorsCore
0x0000000015686000 	/System/Library/Frameworks/Carbon.framework/Versions/A/Frameworks/HIToolbox.framework/Versions/A/HIToolbox
0x0000000015686000 	/usr/lib/libicucore.A.dylib
0x0000000015686000 	/System/Library/Frameworks/QuartzCore.framework/Versions/A/QuartzCore
0x0000000015686000 	/System/Library/PrivateFrameworks/SignpostNotification.framework/Versions/A/SignpostNotification
0x0000000015686000 	/System/Library/Frameworks/Carbon.framework/Versions/A/Frameworks/SpeechRecognition.framework/Versions/A/SpeechRecognition
0x0000000015686000 	/usr/lib/libauto.dylib
0x0000000015686000 	/usr/lib/libxml2.2.dylib
0x0000000015686000 	/System/Library/PrivateFrameworks/CoreUI.framework/Versions/A/CoreUI
0x0000000015686000 	/System/Library/Frameworks/CoreAudio.framework/Versions/A/CoreAudio
0x0000000015686000 	/System/Library/Frameworks/DiskArbitration.framework/Versions/A/DiskArbitration
0x0000000015686000 	/usr/lib/liblangid.dylib
0x0000000015686000 	/System/Library/PrivateFrameworks/MultitouchSupport.framework/Versions/A/MultitouchSupport
0x0000000015686000 	/System/Library/Frameworks/IOKit.framework/Versions/A/IOKit
0x0000000015686000 	/usr/lib/libDiagnosticMessagesClient.dylib
0x0000000015686000 	/System/Library/Frameworks/CoreServices.framework/Versions/A/CoreServices
0x0000000015686000 	/System/Library/PrivateFrameworks/PerformanceAnalysis.framework/Versions/A/PerformanceAnalysis
0x0000000015686000 	/System/Library/Frameworks/OpenGL.framework/Versions/A/OpenGL
0x0000000015686000 	/System/Library/Frameworks/ColorSync.framework/Versions/A/ColorSync
0x0000000015686000 	/System/Library/Frameworks/CoreImage.framework/Versions/A/CoreImage
0x0000000015686000 	/System/Library/Frameworks/CoreText.framework/Versions/A/CoreText
0x0000000015686000 	/System/Library/Frameworks/ImageIO.framework/Versions/A/ImageIO
0x0000000015686000 	/System/Library/PrivateFrameworks/Backup.framework/Versions/A/Backup
0x0000000015686000 	/usr/lib/libarchive.2.dylib
0x0000000015686000 	/System/Library/Frameworks/CFNetwork.framework/Versions/A/CFNetwork
0x0000000015686000 	/System/Library/Frameworks/SystemConfiguration.framework/Versions/A/SystemConfiguration
0x0000000015686000 	/usr/lib/libCRFSuite.dylib
0x0000000015686000 	/usr/lib/libc++.1.dylib
0x0000000015686000 	/usr/lib/libc++abi.dylib
0x0000000015686000 	/usr/lib/system/libcache.dylib
0x0000000015686000 	/usr/lib/system/libcommonCrypto.dylib
0x0000000015686000 	/usr/lib/system/libcompiler_rt.dylib
0x0000000015686000 	/usr/lib/system/libcopyfile.dylib
0x0000000015686000 	/usr/lib/system/libcorecrypto.dylib
0x0000000015686000 	/usr/lib/system/libdispatch.dylib
0x0000000015686000 	/usr/lib/system/libdyld.dylib
0x0000000015686000 	/usr/lib/system/libkeymgr.dylib
0x0000000015686000 	/usr/lib/system/liblaunch.dylib
0x0000000015686000 	/usr/lib/system/libmacho.dylib
0x0000000015686000 	/usr/lib/system/libquarantine.dylib
0x0000000015686000 	/usr/lib/system/libremovefile.dylib
0x0000000015686000 	/usr/lib/system/libsystem_asl.dylib
0x0000000015686000 	/usr/lib/system/libsystem_blocks.dylib
0x0000000015686000 	/usr/lib/system/libsystem_c.dylib
0x0000000015686000 	/usr/lib/system/libsystem_configuration.dylib
0x0000000015686000 	/usr/lib/system/libsystem_coreservices.dylib
0x0000000015686000 	/usr/lib/system/libsystem_darwin.dylib
0x0000000015686000 	/usr/lib/system/libsystem_dnssd.dylib
0x0000000015686000 	/usr/lib/system/libsystem_info.dylib
0x0000000015686000 	/usr/lib/system/libsystem_m.dylib
0x0000000015686000 	/usr/lib/system/libsystem_malloc.dylib
0x0000000015686000 	/usr/lib/system/libsystem_network.dylib
0x0000000015686000 	/usr/lib/system/libsystem_networkextension.dylib
0x0000000015686000 	/usr/lib/system/libsystem_notify.dylib
0x0000000015686000 	/usr/lib/system/libsystem_sandbox.dylib
0x0000000015686000 	/usr/lib/system/libsystem_secinit.dylib
0x0000000015686000 	/usr/lib/system/libsystem_kernel.dylib
0x0000000015686000 	/usr/lib/system/libsystem_platform.dylib
0x0000000015686000 	/usr/lib/system/libsystem_pthread.dylib
0x0000000015686000 	/usr/lib/system/libsystem_symptoms.dylib
0x0000000015686000 	/usr/lib/system/libsystem_trace.dylib
0x0000000015686000 	/usr/lib/system/libunwind.dylib
0x0000000015686000 	/usr/lib/system/libxpc.dylib
0x0000000015686000 	/usr/lib/closure/libclosured.dylib
0x0000000015686000 	/usr/lib/libbsm.0.dylib
0x0000000015686000 	/usr/lib/system/libkxld.dylib
0x0000000015686000 	/usr/lib/libOpenScriptingUtil.dylib
0x0000000015686000 	/usr/lib/libcoretls.dylib
0x0000000015686000 	/usr/lib/libcoretls_cfhelpers.dylib
0x0000000015686000 	/usr/lib/libpam.2.dylib
0x0000000015686000 	/usr/lib/libsqlite3.dylib
0x0000000015686000 	/usr/lib/libxar.1.dylib
0x0000000015686000 	/usr/lib/libbz2.1.0.dylib
0x0000000015686000 	/usr/lib/liblzma.5.dylib
0x0000000015686000 	/usr/lib/libnetwork.dylib
0x0000000015686000 	/usr/lib/libapple_nghttp2.dylib
0x0000000015686000 	/usr/lib/libpcap.A.dylib
0x0000000015686000 	/usr/lib/libboringssl.dylib
0x0000000015686000 	/usr/lib/libusrtcp.dylib
0x0000000015686000 	/usr/lib/libapple_crypto.dylib
0x0000000015686000 	/System/Library/Frameworks/CoreServices.framework/Versions/A/Frameworks/FSEvents.framework/Versions/A/FSEvents
0x0000000015686000 	/System/Library/Frameworks/CoreServices.framework/Versions/A/Frameworks/CarbonCore.framework/Versions/A/CarbonCore
0x0000000015686000 	/System/Library/Frameworks/CoreServices.framework/Versions/A/Frameworks/Metadata.framework/Versions/A/Metadata
0x0000000015686000 	/System/Library/Frameworks/CoreServices.framework/Versions/A/Frameworks/OSServices.framework/Versions/A/OSServices
0x0000000015686000 	/System/Library/Frameworks/CoreServices.framework/Versions/A/Frameworks/SearchKit.framework/Versions/A/SearchKit
0x0000000015686000 	/System/Library/Frameworks/CoreServices.framework/Versions/A/Frameworks/AE.framework/Versions/A/AE
0x0000000015686000 	/System/Library/Frameworks/CoreServices.framework/Versions/A/Frameworks/LaunchServices.framework/Versions/A/LaunchServices
0x0000000015686000 	/System/Library/Frameworks/CoreServices.framework/Versions/A/Frameworks/DictionaryServices.framework/Versions/A/DictionaryServices
0x0000000015686000 	/System/Library/Frameworks/CoreServices.framework/Versions/A/Frameworks/SharedFileList.framework/Versions/A/SharedFileList
0x0000000015686000 	/System/Library/Frameworks/NetFS.framework/Versions/A/NetFS
0x0000000015686000 	/System/Library/PrivateFrameworks/NetAuth.framework/Versions/A/NetAuth
0x0000000015686000 	/System/Library/PrivateFrameworks/login.framework/Versions/A/Frameworks/loginsupport.framework/Versions/A/loginsupport
0x0000000015686000 	/System/Library/PrivateFrameworks/TCC.framework/Versions/A/TCC
0x0000000015686000 	/usr/lib/libmecabra.dylib
0x0000000015686000 	/System/Library/Frameworks/ApplicationServices.framework/Versions/A/Frameworks/ATS.framework/Versions/A/ATS
0x0000000015686000 	/System/Library/Frameworks/ApplicationServices.framework/Versions/A/Frameworks/ColorSyncLegacy.framework/Versions/A/ColorSyncLegacy
0x0000000015686000 	/System/Library/Frameworks/ApplicationServices.framework/Versions/A/Frameworks/HIServices.framework/Versions/A/HIServices
0x0000000015686000 	/System/Library/Frameworks/ApplicationServices.framework/Versions/A/Frameworks/LangAnalysis.framework/Versions/A/LangAnalysis
0x0000000015686000 	/System/Library/Frameworks/ApplicationServices.framework/Versions/A/Frameworks/PrintCore.framework/Versions/A/PrintCore
0x0000000015686000 	/System/Library/Frameworks/ApplicationServices.framework/Versions/A/Frameworks/QD.framework/Versions/A/QD
0x0000000015686000 	/System/Library/Frameworks/ApplicationServices.framework/Versions/A/Frameworks/SpeechSynthesis.framework/Versions/A/SpeechSynthesis
0x0000000015686000 	/System/Library/Frameworks/CoreDisplay.framework/Versions/A/CoreDisplay
0x0000000015686000 	/System/Library/Frameworks/Accelerate.framework/Versions/A/Frameworks/vImage.framework/Versions/A/vImage
0x0000000015686000 	/System/Library/Frameworks/Accelerate.framework/Versions/A/Frameworks/vecLib.framework/Versions/A/vecLib
0x0000000015686000 	/System/Library/Frameworks/Accelerate.framework/Versions/A/Frameworks/vecLib.framework/Versions/A/libvDSP.dylib
0x0000000015686000 	/System/Library/Frameworks/Accelerate.framework/Versions/A/Frameworks/vecLib.framework/Versions/A/libBNNS.dylib
0x0000000015686000 	/System/Library/Frameworks/Accelerate.framework/Versions/A/Frameworks/vecLib.framework/Versions/A/libQuadrature.dylib
0x0000000015686000 	/System/Library/Frameworks/Accelerate.framework/Versions/A/Frameworks/vecLib.framework/Versions/A/libvMisc.dylib
0x0000000015686000 	/System/Library/Frameworks/Accelerate.framework/Versions/A/Frameworks/vecLib.framework/Versions/A/libLAPACK.dylib
0x0000000015686000 	/System/Library/Frameworks/Accelerate.framework/Versions/A/Frameworks/vecLib.framework/Versions/A/libBLAS.dylib
0x0000000015686000 	/System/Library/Frameworks/Accelerate.framework/Versions/A/Frameworks/vecLib.framework/Versions/A/libLinearAlgebra.dylib
0x0000000015686000 	/System/Library/Frameworks/Accelerate.framework/Versions/A/Frameworks/vecLib.framework/Versions/A/libSparse.dylib
0x0000000015686000 	/System/Library/Frameworks/Accelerate.framework/Versions/A/Frameworks/vecLib.framework/Versions/A/libSparseBLAS.dylib
0x0000000015686000 	/System/Library/PrivateFrameworks/GPUWrangler.framework/Versions/A/GPUWrangler
0x0000000015686000 	/System/Library/PrivateFrameworks/IOAccelerator.framework/Versions/A/IOAccelerator
0x0000000015686000 	/System/Library/PrivateFrameworks/IOPresentment.framework/Versions/A/IOPresentment
0x0000000015686000 	/System/Library/PrivateFrameworks/DSExternalDisplay.framework/Versions/A/DSExternalDisplay
0x0000000015686000 	/System/Library/Frameworks/OpenGL.framework/Versions/A/Libraries/libCoreFSCache.dylib
0x0000000015686000 	/System/Library/Frameworks/CoreVideo.framework/Versions/A/CoreVideo
0x0000000015686000 	/System/Library/PrivateFrameworks/GraphVisualizer.framework/Versions/A/GraphVisualizer
0x0000000015686000 	/System/Library/Frameworks/MetalPerformanceShaders.framework/Versions/A/MetalPerformanceShaders
0x0000000015686000 	/usr/lib/libFosl_dynamic.dylib
0x0000000015686000 	/System/Library/PrivateFrameworks/FaceCore.framework/Versions/A/FaceCore
0x0000000015686000 	/System/Library/Frameworks/OpenCL.framework/Versions/A/OpenCL
0x0000000015686000 	/usr/lib/libcompression.dylib
0x0000000015686000 	/System/Library/Frameworks/ApplicationServices.framework/Versions/A/Frameworks/ATS.framework/Versions/A/Resources/libFontParser.dylib
0x0000000015686000 	/System/Library/Frameworks/ApplicationServices.framework/Versions/A/Frameworks/ATS.framework/Versions/A/Resources/libFontRegistry.dylib
0x0000000015686000 	/System/Library/Frameworks/ImageIO.framework/Versions/A/Resources/libJPEG.dylib
0x0000000015686000 	/System/Library/Frameworks/ImageIO.framework/Versions/A/Resources/libTIFF.dylib
0x0000000015686000 	/System/Library/Frameworks/ImageIO.framework/Versions/A/Resources/libPng.dylib
0x0000000015686000 	/System/Library/Frameworks/ImageIO.framework/Versions/A/Resources/libGIF.dylib
0x0000000015686000 	/System/Library/Frameworks/ImageIO.framework/Versions/A/Resources/libJP2.dylib
0x0000000015686000 	/System/Library/Frameworks/ImageIO.framework/Versions/A/Resources/libRadiance.dylib
0x0000000015686000 	/System/Library/PrivateFrameworks/AppleJPEG.framework/Versions/A/AppleJPEG
0x0000000015686000 	/System/Library/Frameworks/MetalPerformanceShaders.framework/Frameworks/MPSCore.framework/Versions/A/MPSCore
0x0000000015686000 	/System/Library/Frameworks/MetalPerformanceShaders.framework/Frameworks/MPSImage.framework/Versions/A/MPSImage
0x0000000015686000 	/System/Library/Frameworks/MetalPerformanceShaders.framework/Frameworks/MPSNeuralNetwork.framework/Versions/A/MPSNeuralNetwork
0x0000000015686000 	/System/Library/Frameworks/MetalPerformanceShaders.framework/Frameworks/MPSMatrix.framework/Versions/A/MPSMatrix
0x0000000015686000 	/System/Library/PrivateFrameworks/MetalTools.framework/Versions/A/MetalTools
0x0000000015686000 	/System/Library/Frameworks/OpenGL.framework/Versions/A/Libraries/libGLU.dylib
0x0000000015686000 	/System/Library/Frameworks/OpenGL.framework/Versions/A/Libraries/libGFXShared.dylib
0x0000000015686000 	/System/Library/Frameworks/OpenGL.framework/Versions/A/Libraries/libGL.dylib
0x0000000015686000 	/System/Library/Frameworks/OpenGL.framework/Versions/A/Libraries/libGLImage.dylib
0x0000000015686000 	/System/Library/Frameworks/OpenGL.framework/Versions/A/Libraries/libCVMSPluginSupport.dylib
0x0000000015686000 	/System/Library/Frameworks/OpenGL.framework/Versions/A/Libraries/libCoreVMClient.dylib
0x0000000015686000 	/usr/lib/libcups.2.dylib
0x0000000015686000 	/System/Library/Frameworks/Kerberos.framework/Versions/A/Kerberos
0x0000000015686000 	/System/Library/Frameworks/GSS.framework/Versions/A/GSS
0x0000000015686000 	/usr/lib/libresolv.9.dylib
0x0000000015686000 	/usr/lib/libiconv.2.dylib
0x0000000015686000 	/System/Library/PrivateFrameworks/Heimdal.framework/Versions/A/Heimdal
0x0000000015686000 	/usr/lib/libheimdal-asn1.dylib
0x0000000015686000 	/System/Library/Frameworks/OpenDirectory.framework/Versions/A/OpenDirectory
0x0000000015686000 	/System/Library/PrivateFrameworks/CommonAuth.framework/Versions/A/CommonAuth
0x0000000015686000 	/System/Library/Frameworks/OpenDirectory.framework/Versions/A/Frameworks/CFOpenDirectory.framework/Versions/A/CFOpenDirectory
0x0000000015686000 	/System/Library/Frameworks/SecurityFoundation.framework/Versions/A/SecurityFoundation
0x0000000015686000 	/System/Library/PrivateFrameworks/APFS.framework/Versions/A/APFS
0x0000000015686000 	/usr/lib/libutil.dylib
0x0000000015686000 	/System/Library/PrivateFrameworks/AppleSauce.framework/Versions/A/AppleSauce
0x0000000015686000 	/System/Library/PrivateFrameworks/LinguisticData.framework/Versions/A/LinguisticData
0x0000000015686000 	/usr/lib/libmarisa.dylib
0x0000000015686000 	/System/Library/PrivateFrameworks/Lexicon.framework/Versions/A/Lexicon
0x0000000015686000 	/usr/lib/libChineseTokenizer.dylib
0x0000000015686000 	/usr/lib/libcmph.dylib
0x0000000015686000 	/System/Library/PrivateFrameworks/LanguageModeling.framework/Versions/A/LanguageModeling
0x0000000015686000 	/System/Library/PrivateFrameworks/CoreEmoji.framework/Versions/A/CoreEmoji
0x0000000015686000 	/System/Library/Frameworks/ServiceManagement.framework/Versions/A/ServiceManagement
0x0000000015686000 	/System/Library/PrivateFrameworks/BackgroundTaskManagement.framework/Versions/A/BackgroundTaskManagement
0x0000000015686000 	/usr/lib/libxslt.1.dylib
0x0000000015686000 	/System/Library/Frameworks/Carbon.framework/Versions/A/Frameworks/Ink.framework/Versions/A/Ink
0x0000000015686000 	/System/Library/PrivateFrameworks/TextureIO.framework/Versions/A/TextureIO
0x0000000015686000 	/usr/lib/libate.dylib
0x0000000015686000 	/System/Library/PrivateFrameworks/CrashReporterSupport.framework/Versions/A/CrashReporterSupport
0x0000000015686000 	/System/Library/PrivateFrameworks/Sharing.framework/Versions/A/Sharing
0x0000000015686000 	/System/Library/PrivateFrameworks/IconServices.framework/Versions/A/IconServices
0x0000000015686000 	/System/Library/PrivateFrameworks/AuthKit.framework/Versions/A/AuthKit
0x0000000015686000 	/System/Library/PrivateFrameworks/Apple80211.framework/Versions/A/Apple80211
0x0000000015686000 	/System/Library/PrivateFrameworks/CoreUtils.framework/Versions/A/CoreUtils
0x0000000015686000 	/System/Library/Frameworks/CoreWLAN.framework/Versions/A/CoreWLAN
0x0000000015686000 	/System/Library/Frameworks/IOBluetooth.framework/Versions/A/IOBluetooth
0x0000000015686000 	/System/Library/PrivateFrameworks/ProtocolBuffer.framework/Versions/A/ProtocolBuffer
0x0000000015686000 	/System/Library/PrivateFrameworks/MobileKeyBag.framework/Versions/A/MobileKeyBag
0x0000000015686000 	/System/Library/PrivateFrameworks/CorePhoneNumbers.framework/Versions/A/CorePhoneNumbers
0x0000000015686000 	/System/Library/PrivateFrameworks/AppleIDAuthSupport.framework/Versions/A/AppleIDAuthSupport
0x0000000015686000 	/System/Library/PrivateFrameworks/KeychainCircle.framework/Versions/A/KeychainCircle
0x0000000015686000 	/System/Library/PrivateFrameworks/CoreWiFi.framework/Versions/A/CoreWiFi
0x0000000015686000 	/System/Library/Frameworks/CoreBluetooth.framework/Versions/A/CoreBluetooth
0x0000000015686000 	/System/Library/PrivateFrameworks/DebugSymbols.framework/Versions/A/DebugSymbols
0x0000000015686000 	/System/Library/PrivateFrameworks/CoreSymbolication.framework/Versions/A/CoreSymbolication
0x0000000015686000 	/System/Library/PrivateFrameworks/Symbolication.framework/Versions/A/Symbolication
0x0000000015686000 	/System/Library/PrivateFrameworks/AppleFSCompression.framework/Versions/A/AppleFSCompression
0x0000000015686000 	/System/Library/PrivateFrameworks/SpeechRecognitionCore.framework/Versions/A/SpeechRecognitionCore
0x0000000104200000 	/Library/Java/JavaVirtualMachines/jdk1.8.0_162.jdk/Contents/Home/jre/lib/server/libjvm.dylib
0x0000000015686000 	/usr/lib/libstdc++.6.0.9.dylib
0x00000001030b6000 	/Library/Java/JavaVirtualMachines/jdk1.8.0_162.jdk/Contents/Home/jre/lib/libverify.dylib
0x00000001030c4000 	/Library/Java/JavaVirtualMachines/jdk1.8.0_162.jdk/Contents/Home/jre/lib/libjava.dylib
0x0000000103144000 	/Library/Java/JavaVirtualMachines/jdk1.8.0_162.jdk/Contents/Home/jre/lib/libzip.dylib
0x0000000121dd6000 	/Library/Java/JavaVirtualMachines/jdk1.8.0_162.jdk/Contents/Home/jre/lib/libnet.dylib
0x000000012237f000 	/Library/Java/JavaVirtualMachines/jdk1.8.0_162.jdk/Contents/Home/jre/lib/libawt.dylib
0x0000000122429000 	/Library/Java/JavaVirtualMachines/jdk1.8.0_162.jdk/Contents/Home/jre/lib/./libmlib_image.dylib
0x0000000015686000 	/System/Library/Frameworks/JavaVM.framework/Versions/A/Frameworks/JavaNativeFoundation.framework/Versions/A/JavaNativeFoundation
0x0000000015686000 	/System/Library/Frameworks/JavaVM.framework/Versions/A/Frameworks/JavaRuntimeSupport.framework/Versions/A/JavaRuntimeSupport
0x0000000015686000 	/System/Library/Frameworks/JavaVM.framework/Versions/A/JavaVM
0x0000000015686000 	/System/Library/PrivateFrameworks/JavaLaunching.framework/Versions/A/JavaLaunching
0x0000000015686000 	/System/Library/Frameworks/Carbon.framework/Versions/A/Carbon
0x0000000015686000 	/System/Library/Frameworks/Carbon.framework/Versions/A/Frameworks/CommonPanels.framework/Versions/A/CommonPanels
0x0000000015686000 	/System/Library/Frameworks/Carbon.framework/Versions/A/Frameworks/Help.framework/Versions/A/Help
0x0000000015686000 	/System/Library/Frameworks/Carbon.framework/Versions/A/Frameworks/ImageCapture.framework/Versions/A/ImageCapture
0x0000000015686000 	/System/Library/Frameworks/Carbon.framework/Versions/A/Frameworks/OpenScripting.framework/Versions/A/OpenScripting
0x0000000015686000 	/System/Library/Frameworks/Carbon.framework/Versions/A/Frameworks/Print.framework/Versions/A/Print
0x0000000015686000 	/System/Library/Frameworks/Carbon.framework/Versions/A/Frameworks/SecurityHI.framework/Versions/A/SecurityHI
0x00000001224f5000 	/Library/Java/JavaVirtualMachines/jdk1.8.0_162.jdk/Contents/Home/jre/lib/libawt_lwawt.dylib
0x0000000121e8f000 	/Library/Java/JavaVirtualMachines/jdk1.8.0_162.jdk/Contents/Home/jre/lib/./libosxapp.dylib
0x0000000015686000 	/System/Library/Frameworks/ExceptionHandling.framework/Versions/A/ExceptionHandling
0x0000000015686000 	/System/Library/PrivateFrameworks/CoreServicesInternal.framework/Versions/A/CoreServicesInternal
0x0000000015686000 	/System/Library/CoreServices/RawCamera.bundle/Contents/MacOS/RawCamera
0x0000000015686000 	/System/Library/PrivateFrameworks/MobileAsset.framework/Versions/A/MobileAsset
0x0000000015686000 	/System/Library/PrivateFrameworks/StreamingZip.framework/Versions/A/StreamingZip
0x0000000015686000 	/System/Library/Frameworks/MediaToolbox.framework/Versions/A/MediaToolbox
0x0000000015686000 	/System/Library/PrivateFrameworks/CoreAVCHD.framework/Versions/A/CoreAVCHD
0x0000000015686000 	/System/Library/Frameworks/MediaAccessibility.framework/Versions/A/MediaAccessibility
0x0000000015686000 	/System/Library/PrivateFrameworks/Mangrove.framework/Versions/A/Mangrove
0x0000000015686000 	/System/Library/Frameworks/CoreMedia.framework/Versions/A/CoreMedia
0x0000000015686000 	/System/Library/Frameworks/VideoToolbox.framework/Versions/A/VideoToolbox
0x0000000015686000 	/System/Library/PrivateFrameworks/CoreAUC.framework/Versions/A/CoreAUC
0x0000000015686000 	/usr/lib/libspindump.dylib
0x0000000015686000 	/System/Library/PrivateFrameworks/AppleVA.framework/Versions/A/AppleVA
0x0000000015686000 	/System/Library/Frameworks/Accelerate.framework/Versions/A/Frameworks/vImage.framework/Versions/A/Libraries/libCGInterfaces.dylib
0x0000000015686000 	/System/Library/Frameworks/ApplicationServices.framework/Versions/A/Frameworks/ATS.framework/Versions/A/Resources/libTrueTypeScaler.dylib
0x0000000015686000 	/System/Library/Extensions/AppleIntelHD5000GraphicsMTLDriver.bundle/Contents/MacOS/AppleIntelHD5000GraphicsMTLDriver
0x0000000015686000 	/System/Library/PrivateFrameworks/GPUCompiler.framework/Versions/3802/Libraries/libmetal_timestamp.dylib
0x0000000015686000 	/System/Library/PrivateFrameworks/FamilyControls.framework/Versions/A/FamilyControls
0x0000000015686000 	/System/Library/PrivateFrameworks/CommerceKit.framework/Versions/A/Frameworks/CommerceCore.framework/Versions/A/CommerceCore
0x0000000015686000 	/System/Library/PrivateFrameworks/SystemAdministration.framework/Versions/A/SystemAdministration
0x0000000015686000 	/System/Library/PrivateFrameworks/AppContainer.framework/Versions/A/AppContainer
0x0000000015686000 	/System/Library/PrivateFrameworks/SecCodeWrapper.framework/Versions/A/SecCodeWrapper
0x0000000015686000 	/System/Library/PrivateFrameworks/DiskManagement.framework/Versions/A/DiskManagement
0x0000000015686000 	/System/Library/Frameworks/DirectoryService.framework/Versions/A/DirectoryService
0x0000000015686000 	/System/Library/PrivateFrameworks/DiskImages.framework/Versions/A/DiskImages
0x0000000015686000 	/System/Library/PrivateFrameworks/LoginUIKit.framework/Versions/A/Frameworks/LoginUICore.framework/Versions/A/LoginUICore
0x0000000015686000 	/usr/lib/libCoreStorage.dylib
0x0000000015686000 	/usr/lib/libcsfde.dylib
0x0000000015686000 	/usr/lib/libodfde.dylib
0x0000000015686000 	/System/Library/PrivateFrameworks/MediaKit.framework/Versions/A/MediaKit
0x0000000015686000 	/System/Library/Frameworks/DiscRecording.framework/Versions/A/DiscRecording
0x0000000015686000 	/System/Library/PrivateFrameworks/EFILogin.framework/Versions/A/EFILogin
0x0000000015686000 	/System/Library/PrivateFrameworks/ProtectedCloudStorage.framework/Versions/A/ProtectedCloudStorage
0x0000000015686000 	/usr/lib/libcurl.4.dylib
0x0000000015686000 	/usr/lib/libcrypto.35.dylib
0x0000000015686000 	/usr/lib/libssl.35.dylib
0x0000000015686000 	/System/Library/Frameworks/LDAP.framework/Versions/A/LDAP
0x0000000015686000 	/System/Library/PrivateFrameworks/TrustEvaluationAgent.framework/Versions/A/TrustEvaluationAgent
0x0000000015686000 	/usr/lib/libsasl2.2.dylib
0x0000000015686000 	/System/Library/PrivateFrameworks/CoreDaemon.framework/Versions/B/CoreDaemon
0x0000000015686000 	/System/Library/PrivateFrameworks/AppleSRP.framework/Versions/A/AppleSRP
0x0000000015686000 	/System/Library/Frameworks/OpenGL.framework/Versions/A/Resources/GLEngine.bundle/GLEngine
0x0000000015686000 	/System/Library/Frameworks/OpenGL.framework/Versions/A/Libraries/libGLProgrammability.dylib
0x0000000124f94000 	/System/Library/Extensions/AppleIntelHD5000GraphicsGLDriver.bundle/Contents/MacOS/AppleIntelHD5000GraphicsGLDriver
0x0000000015686000 	/System/Library/PrivateFrameworks/GPUSupport.framework/Versions/A/Libraries/libGPUSupportMercury.dylib
0x0000000015686000 	/System/Library/Frameworks/OpenGL.framework/Versions/A/Resources/GLRendererFloat.bundle/GLRendererFloat
0x0000000015686000 	/System/Library/Frameworks/OpenCL.framework/Versions/A/Libraries/libcldcpuengine.dylib
0x0000000121fc9000 	/Users/fkozjak/Library/Caches/JNA/temp/jna2909875778425401115.tmp
0x0000000015686000 	/System/Library/PrivateFrameworks/ViewBridge.framework/Versions/A/ViewBridge
0x000000012653a000 	/usr/local/lib/libtesseract.dylib
0x0000000126a29000 	/usr/local/opt/leptonica/lib/liblept.5.dylib
0x0000000122152000 	/usr/local/opt/libpng/lib/libpng16.16.dylib
0x0000000126c33000 	/usr/local/opt/jpeg/lib/libjpeg.9.dylib
0x0000000121fdf000 	/usr/local/opt/giflib/lib/libgif.7.dylib
0x0000000126c66000 	/usr/local/opt/libtiff/lib/libtiff.5.dylib
0x0000000126ccf000 	/usr/local/opt/webp/lib/libwebp.7.dylib
0x0000000126d30000 	/usr/local/opt/openjpeg/lib/libopenjp2.7.dylib

VM Arguments:
jvm_args: -ea -Dfile.encoding=UTF-8 
java_command: org.eclipse.jdt.internal.junit.runner.RemoteTestRunner -version 3 -port 64163 -testLoaderClass org.eclipse.jdt.internal.junit4.runner.JUnit4TestLoader -loaderpluginname org.eclipse.jdt.junit4.runtime -classNames com.util.ai.screenbot.output.tests.parsing.VBSingleBetElementParserTest
java_class_path (initial): /Library/Java/JavaVirtualMachines/jdk1.8.0_162.jdk/Contents/Home/jre/lib/resources.jar:/Library/Java/JavaVirtualMachines/jdk1.8.0_162.jdk/Contents/Home/jre/lib/rt.jar:/Library/Java/JavaVirtualMachines/jdk1.8.0_162.jdk/Contents/Home/jre/lib/jsse.jar:/Library/Java/JavaVirtualMachines/jdk1.8.0_162.jdk/Contents/Home/jre/lib/jce.jar:/Library/Java/JavaVirtualMachines/jdk1.8.0_162.jdk/Contents/Home/jre/lib/charsets.jar:/Library/Java/JavaVirtualMachines/jdk1.8.0_162.jdk/Contents/Home/jre/lib/jfr.jar:/Library/Java/JavaVirtualMachines/jdk1.8.0_162.jdk/Contents/Home/jre/lib/ext/sunec.jar:/Library/Java/JavaVirtualMachines/jdk1.8.0_162.jdk/Contents/Home/jre/lib/ext/nashorn.jar:/Library/Java/JavaVirtualMachines/jdk1.8.0_162.jdk/Contents/Home/jre/lib/ext/cldrdata.jar:/Library/Java/JavaVirtualMachines/jdk1.8.0_162.jdk/Contents/Home/jre/lib/ext/jfxrt.jar:/Library/Java/JavaVirtualMachines/jdk1.8.0_162.jdk/Contents/Home/jre/lib/ext/dnsns.jar:/Library/Java/JavaVirtualMachines/jdk1.8.0_162.jdk/Contents/Home/jre/lib/ext/localedata.jar:/Library/Java/JavaVirtualMachines/jdk1.8.0_162.jdk/Contents/Home/jre/lib/ext/sunjce_provider.jar:/Library/Java/JavaVirtualMachines/jdk1.8.0_162.jdk/Contents/Home/jre/lib/ext/sunpkcs11.jar:/Library/Java/JavaVirtualMachines/jdk1.8.0_162.jdk/Contents/Home/jre/lib/ext/jaccess.jar:/Library/Java/JavaVirtualMachines/jdk1.8.0_162.jdk/Contents/Home/jre/lib/ext/zipfs.jar:/System/Library/Java/Extensions/MRJToolkit.jar:/Users/fkozjak/MyProjects/ScreenBot/output-handler/target/test-classes:/Users/fkozjak/MyProjects/ScreenBot/output-handler/target/classes:/Users/fkozjak/.m2/repository/net/sourceforge/tess4j/tess4j/4.3.1/tess4j-4.3.1.jar:/Users/fkozjak/.m2/repository/net/java/dev/jna/jna/5.1.0/jna-5.1.0.jar:/Users/fkozjak/.m2/repository/com/github/jai-imageio/jai-imageio-core/1.4.0/jai-imageio-core-1.4.0.jar:/Users/fkozjak/.m2/repository/org/ghost4j/ghost4j/1.0.1/ghost4j-1.0.1.jar:/Users/fkozjak/.m2/repository/log4j/log4j/1.2.17/log4j-1.2.17.j
Launcher Type: SUN_STANDARD

Environment Variables:
PATH=/usr/bin:/bin:/usr/sbin:/sbin
SHELL=/bin/bash

Signal Handlers:
SIGSEGV: [libjvm.dylib+0x5b52b5], sa_mask[0]=11111111011111110111111111111111, sa_flags=SA_ONSTACK|SA_RESTART|SA_SIGINFO
SIGBUS: [libjvm.dylib+0x5b52b5], sa_mask[0]=11111111011111110111111111111111, sa_flags=SA_RESTART|SA_SIGINFO
SIGFPE: [libjvm.dylib+0x48ac5c], sa_mask[0]=11111111011111110111111111111111, sa_flags=SA_RESTART|SA_SIGINFO
SIGPIPE: [libjvm.dylib+0x48ac5c], sa_mask[0]=11111111011111110111111111111111, sa_flags=SA_RESTART|SA_SIGINFO
SIGXFSZ: [libjvm.dylib+0x48ac5c], sa_mask[0]=11111111011111110111111111111111, sa_flags=SA_RESTART|SA_SIGINFO
SIGILL: [libjvm.dylib+0x48ac5c], sa_mask[0]=11111111011111110111111111111111, sa_flags=SA_RESTART|SA_SIGINFO
SIGUSR1: SIG_DFL, sa_mask[0]=00000000000000000000000000000000, sa_flags=none
SIGUSR2: [libjvm.dylib+0x48a77a], sa_mask[0]=00100000000000000000000000000000, sa_flags=SA_RESTART|SA_SIGINFO
SIGHUP: [libjvm.dylib+0x488d45], sa_mask[0]=11111111011111110111111111111111, sa_flags=SA_RESTART|SA_SIGINFO
SIGINT: [libjvm.dylib+0x488d45], sa_mask[0]=11111111011111110111111111111111, sa_flags=SA_RESTART|SA_SIGINFO
SIGTERM: [libjvm.dylib+0x488d45], sa_mask[0]=11111111011111110111111111111111, sa_flags=SA_RESTART|SA_SIGINFO
SIGQUIT: [libjvm.dylib+0x488d45], sa_mask[0]=11111111011111110111111111111111, sa_flags=SA_RESTART|SA_SIGINFO


---------------  S Y S T E M  ---------------

OS:Bsduname:Darwin 17.7.0 Darwin Kernel Version 17.7.0: Thu Jun 21 22:53:14 PDT 2018; root:xnu-4570.71.2~1/RELEASE_X86_64 x86_64
rlimit: STACK 8192k, CORE 0k, NPROC 1418, NOFILE 10240, AS infinity
load average:2.75 2.47 2.28

CPU:total 8 (initial active 8) (4 cores per cpu, 2 threads per core) family 6 model 70 stepping 1, cmov, cx8, fxsr, mmx, sse, sse2, sse3, ssse3, sse4.1, sse4.2, popcnt, avx, avx2, aes, clmul, erms, lzcnt, ht, tsc, tscinvbit, bmi1, bmi2

Memory: 4k page, physical 16777216k(316468k free)

/proc/meminfo:


vm_info: Java HotSpot(TM) 64-Bit Server VM (25.162-b12) for bsd-amd64 JRE (1.8.0_162-b12), built on Dec 19 2017 17:33:35 by "java_re" with gcc 4.2.1 (Based on Apple Inc. build 5658) (LLVM build 2336.11.00)

time: Tue Jan  8 16:31:34 2019
elapsed time: 1 seconds (0d 0h 0m 1s)

